<?xml version="1.0" encoding="UTF-8"?>
<!-- Generated by org.testng.reporters.JUnitReportReporter -->
<testsuite hostname="DESKTOP-US9O7O0" failures="0" tests="4" name="api.tests.UserTests2" time="6.112" errors="0" timestamp="2023-09-28T11:11:10 CDT" skipped="0">
  <testcase classname="api.tests.UserTests2" name="testCreateNewUser" time="4.820"/>
  <testcase classname="api.tests.UserTests2" name="getUserDetails" time="0.377"/>
  <testcase classname="api.tests.UserTests2" name="updateExistingUser" time="0.619"/>
  <testcase classname="api.tests.UserTests2" name="deleteExistingUser" time="0.296"/>
</testsuite> <!-- api.tests.UserTests2 -->
