<?xml version="1.0" encoding="UTF-8"?>
<!-- Generated by org.testng.reporters.JUnitReportReporter -->
<testsuite hostname="DESKTOP-US9O7O0" failures="0" tests="4" name="api.tests.UserTests" time="6.424" errors="0" timestamp="2023-09-27T00:53:02 CDT" skipped="0">
  <testcase classname="api.tests.UserTests" name="testCreateNewUser" time="5.076"/>
  <testcase classname="api.tests.UserTests" name="getUserDetails" time="0.366"/>
  <testcase classname="api.tests.UserTests" name="updateExistingUser" time="0.692"/>
  <testcase classname="api.tests.UserTests" name="deleteExistingUser" time="0.290"/>
</testsuite> <!-- api.tests.UserTests -->
