<?xml version="1.0" encoding="UTF-8"?>
<!-- Generated by org.testng.reporters.JUnitReportReporter -->
<testsuite hostname="DESKTOP-US9O7O0" failures="0" tests="3" name="api.tests.UserTestsDD" time="2.254" errors="0" timestamp="2023-09-26T23:29:16 CDT" skipped="0">
  <testcase classname="api.tests.UserTestsDD" name="testDeleteMultipleUsers" time="0.259"/>
  <testcase classname="api.tests.UserTestsDD" name="testDeleteMultipleUsers" time="0.276"/>
  <testcase classname="api.tests.UserTestsDD" name="testDeleteMultipleUsers" time="1.719"/>
</testsuite> <!-- api.tests.UserTestsDD -->
